# JRE version: OpenJDK Runtime Environment (21.0.7) (build 21.0.7+-13880790-b1038.58)
# Java VM: OpenJDK 64-Bit Server VM (21.0.7+-13880790-b1038.58, mixed mode, tiered, compressed oops, compressed class ptrs, g1 gc, windows-amd64)
GC Precious Log:
 CardTable entry size: 512
 Card Set container configuration: InlinePtr #cards 5 size 8 Array Of Cards #cards 12 size 40 Howl #buckets 4 coarsen threshold 1843 Howl Bitmap #cards 512 size 80 coarsen threshold 460 Card regions per heap region 1 cards per card region 2048
 CPUs: 16 total, 16 available
 Memory: 32679M
 Large Page Support: Disabled
 NUMA Support: Disabled
 Compressed Oops: Enabled (32-bit)
 Heap Region Size: 1M
 Heap Min Capacity: 8M
 Heap Initial Capacity: 512M
 Heap Max Capacity: 2G
 Pre-touch: Disabled
 Parallel Workers: 13
 Concurrent Workers: 3
 Concurrent Refinement Workers: 13
 Periodic GC: Disabled
Heap:
 garbage-first heap   total 143360K, used 56988K [0x0000000080000000, 0x0000000100000000)
  region size 1024K, 16 young (16384K), 4 survivors (4096K)
 Metaspace       used 69983K, committed 71744K, reserved 1114112K
  class space    used 9715K, committed 10560K, reserved 1048576K
GC Heap History (20 events):
Event: 1.409 GC heap before
{Heap before GC invocations=2 (full 0):
 garbage-first heap   total 524288K, used 69314K [0x0000000080000000, 0x0000000100000000)
  region size 1024K, 61 young (62464K), 6 survivors (6144K)
 Metaspace       used 16415K, committed 16640K, reserved 1114112K
  class space    used 1858K, committed 1984K, reserved 1048576K
}
Event: 1.413 GC heap after
{Heap after GC invocations=3 (full 0):
 garbage-first heap   total 524288K, used 18187K [0x0000000080000000, 0x0000000100000000)
  region size 1024K, 7 young (7168K), 7 survivors (7168K)
 Metaspace       used 16415K, committed 16640K, reserved 1114112K
  class space    used 1858K, committed 1984K, reserved 1048576K
}
Event: 1.722 GC heap before
{Heap before GC invocations=3 (full 0):
 garbage-first heap   total 524288K, used 37643K [0x0000000080000000, 0x0000000100000000)
  region size 1024K, 27 young (27648K), 7 survivors (7168K)
 Metaspace       used 21250K, committed 21504K, reserved 1114112K
  class space    used 2487K, committed 2624K, reserved 1048576K
}
Event: 1.725 GC heap after
{Heap after GC invocations=4 (full 0):
 garbage-first heap   total 524288K, used 19900K [0x0000000080000000, 0x0000000100000000)
  region size 1024K, 8 young (8192K), 8 survivors (8192K)
 Metaspace       used 21250K, committed 21504K, reserved 1114112K
  class space    used 2487K, committed 2624K, reserved 1048576K
}
Event: 2.283 GC heap before
{Heap before GC invocations=5 (full 0):
 garbage-first heap   total 68608K, used 67004K [0x0000000080000000, 0x0000000100000000)
  region size 1024K, 55 young (56320K), 8 survivors (8192K)
 Metaspace       used 28755K, committed 29248K, reserved 1114112K
  class space    used 3675K, committed 3904K, reserved 1048576K
}
Event: 2.288 GC heap after
{Heap after GC invocations=6 (full 0):
 garbage-first heap   total 79872K, used 22625K [0x0000000080000000, 0x0000000100000000)
  region size 1024K, 11 young (11264K), 11 survivors (11264K)
 Metaspace       used 28755K, committed 29248K, reserved 1114112K
  class space    used 3675K, committed 3904K, reserved 1048576K
}
Event: 2.659 GC heap before
{Heap before GC invocations=6 (full 0):
 garbage-first heap   total 79872K, used 57441K [0x0000000080000000, 0x0000000100000000)
  region size 1024K, 46 young (47104K), 11 survivors (11264K)
 Metaspace       used 33188K, committed 33920K, reserved 1114112K
  class space    used 4422K, committed 4736K, reserved 1048576K
}
Event: 2.663 GC heap after
{Heap after GC invocations=7 (full 0):
 garbage-first heap   total 79872K, used 25019K [0x0000000080000000, 0x0000000100000000)
  region size 1024K, 6 young (6144K), 6 survivors (6144K)
 Metaspace       used 33188K, committed 33920K, reserved 1114112K
  class space    used 4422K, committed 4736K, reserved 1048576K
}
Event: 2.811 GC heap before
{Heap before GC invocations=7 (full 0):
 garbage-first heap   total 79872K, used 37307K [0x0000000080000000, 0x0000000100000000)
  region size 1024K, 19 young (19456K), 6 survivors (6144K)
 Metaspace       used 35230K, committed 35968K, reserved 1114112K
  class space    used 4768K, committed 5120K, reserved 1048576K
}
Event: 2.813 GC heap after
{Heap after GC invocations=8 (full 0):
 garbage-first heap   total 79872K, used 25995K [0x0000000080000000, 0x0000000100000000)
  region size 1024K, 4 young (4096K), 4 survivors (4096K)
 Metaspace       used 35230K, committed 35968K, reserved 1114112K
  class space    used 4768K, committed 5120K, reserved 1048576K
}
Event: 3.445 GC heap before
{Heap before GC invocations=9 (full 0):
 garbage-first heap   total 79872K, used 64907K [0x0000000080000000, 0x0000000100000000)
  region size 1024K, 43 young (44032K), 4 survivors (4096K)
 Metaspace       used 43158K, committed 44096K, reserved 1114112K
  class space    used 5830K, committed 6272K, reserved 1048576K
}
Event: 3.449 GC heap after
{Heap after GC invocations=10 (full 0):
 garbage-first heap   total 79872K, used 29575K [0x0000000080000000, 0x0000000100000000)
  region size 1024K, 6 young (6144K), 6 survivors (6144K)
 Metaspace       used 43158K, committed 44096K, reserved 1114112K
  class space    used 5830K, committed 6272K, reserved 1048576K
}
Event: 3.842 GC heap before
{Heap before GC invocations=10 (full 0):
 garbage-first heap   total 79872K, used 71559K [0x0000000080000000, 0x0000000100000000)
  region size 1024K, 43 young (44032K), 6 survivors (6144K)
 Metaspace       used 46294K, committed 47232K, reserved 1114112K
  class space    used 6101K, committed 6528K, reserved 1048576K
}
Event: 3.853 GC heap after
{Heap after GC invocations=11 (full 0):
 garbage-first heap   total 83968K, used 33011K [0x0000000080000000, 0x0000000100000000)
  region size 1024K, 4 young (4096K), 4 survivors (4096K)
 Metaspace       used 46294K, committed 47232K, reserved 1114112K
  class space    used 6101K, committed 6528K, reserved 1048576K
}
Event: 4.383 GC heap before
{Heap before GC invocations=11 (full 0):
 garbage-first heap   total 83968K, used 71923K [0x0000000080000000, 0x0000000100000000)
  region size 1024K, 42 young (43008K), 4 survivors (4096K)
 Metaspace       used 50805K, committed 52096K, reserved 1114112K
  class space    used 6839K, committed 7488K, reserved 1048576K
}
Event: 4.387 GC heap after
{Heap after GC invocations=12 (full 0):
 garbage-first heap   total 304128K, used 35531K [0x0000000080000000, 0x0000000100000000)
  region size 1024K, 3 young (3072K), 3 survivors (3072K)
 Metaspace       used 50805K, committed 52096K, reserved 1114112K
  class space    used 6839K, committed 7488K, reserved 1048576K
}
Event: 5.449 GC heap before
{Heap before GC invocations=12 (full 0):
 garbage-first heap   total 304128K, used 128715K [0x0000000080000000, 0x0000000100000000)
  region size 1024K, 94 young (96256K), 3 survivors (3072K)
 Metaspace       used 58663K, committed 60160K, reserved 1114112K
  class space    used 7970K, committed 8704K, reserved 1048576K
}
Event: 5.454 GC heap after
{Heap after GC invocations=13 (full 0):
 garbage-first heap   total 304128K, used 42455K [0x0000000080000000, 0x0000000100000000)
  region size 1024K, 10 young (10240K), 10 survivors (10240K)
 Metaspace       used 58663K, committed 60160K, reserved 1114112K
  class space    used 7970K, committed 8704K, reserved 1048576K
}
Event: 6.563 GC heap before
{Heap before GC invocations=14 (full 0):
 garbage-first heap   total 143360K, used 118231K [0x0000000080000000, 0x0000000100000000)
  region size 1024K, 84 young (86016K), 10 survivors (10240K)
 Metaspace       used 68535K, committed 70208K, reserved 1114112K
  class space    used 9457K, committed 10304K, reserved 1048576K
}
Event: 6.567 GC heap after
{Heap after GC invocations=15 (full 0):
 garbage-first heap   total 143360K, used 45724K [0x0000000080000000, 0x0000000100000000)
  region size 1024K, 4 young (4096K), 4 survivors (4096K)
 Metaspace       used 68535K, committed 70208K, reserved 1114112K
  class space    used 9457K, committed 10304K, reserved 1048576K
}

